Arguments: 
  C:\Users\david\AppData\Roaming\nvm\v20.17.0\node.exe C:\Program Files (x86)\Yarn\bin\yarn.js

PATH: 
  C:\Users\david\bin;C:\Program Files\Git\mingw64\bin;C:\Program Files\Git\usr\local\bin;C:\Program Files\Git\usr\bin;C:\Program Files\Git\usr\bin;C:\Program Files\Git\mingw64\bin;C:\Program Files\Git\usr\bin;C:\Users\david\bin;C:\Windows\system32;C:\Windows;C:\Windows\System32\Wbem;C:\Windows\System32\WindowsPowerShell\v1.0;C:\Windows\System32\OpenSSH;C:\Program Files\TortoiseSVN\bin;C:\Users\david\AppData\Roaming\nvm;C:\Program Files\nodejs;C:\Program Files\Git\cmd;C:\Program Files\PuTTY;C:\Program Files\dotnet;C:\nginx\php;C:\wp-cli;C:\Program Files\GitHub CLI;C:\Program Files\MySQL\MySQL Utilities 1.6;C:\Program Files (x86)\Yarn\bin;C:\ProgramData\ComposerSetup\bin;C:\Program Files\Amazon\AWSCLIV2;C:\Windows\system32;C:\Windows;C:\Windows\System32\Wbem;C:\Windows\System32\WindowsPowerShell\v1.0;C:\Windows\System32\OpenSSH;C:\Program Files\TortoiseSVN\bin;C:\Users\david\AppData\Roaming\nvm;C:\Program Files\nodejs;C:\Program Files\Git\cmd;C:\Program Files\PuTTY;C:\Program Files\dotnet;C:\nginx\php;C:\wp-cli;C:\Program Files\GitHub CLI;C:\Program Files\MySQL\MySQL Utilities 1.6;C:\Program Files (x86)\Yarn\bin;C:\ProgramData\ComposerSetup\bin;C:\Program Files\Amazon\AWSCLIV2;C:\wp-cli;C:\nginx\php;C:\nginx;C:\Program Files\TortoiseSVN\bin;C:\Program Files\Git\cmd;C:\Program Files\PuTTY;C:\Users\david\bin;C:\Users\david\AppData\Local\Programs\Microsoft VS Code\bin;C:\Program Files\MySQL\MySQL Workbench 8.0 CE;C:\Users\david\AppData\Local\Yarn\bin;C:\Users\david\AppData\Roaming\Composer\vendor\bin;C:\Program Files\Git\usr\bin\vendor_perl;C:\Program Files\Git\usr\bin\core_perl;C:\wp-cli

Yarn version: 
  1.22.4

Node version: 
  20.17.0

Platform: 
  win32 x64

Trace: 
  Error: EPERM: operation not permitted, mkdir 'C:\Users\DavidBaumwald'

npm manifest: 
  {
  	"name": "PLUGIN_SLUG",
  	"version": "1.0.0",
  	"description": "PLUGIN_DESCRIPTION",
  	"author": "David Baumwald<david@dream-encode.com>",
  	"license": "ISC",
  	"main": "webpack.config.js",
  	"scripts": {
  		"dev": "webpack --mode development --watch",
  		"watch": "yarn dev",
  		"production": "webpack --mode production",
  		"build": "yarn production",
  		"prod": "yarn build",
  		"test": "composer test",
  		"test:e2e": "yarn production && yarn playwright test",
  		"prerelease": "composer test && yarn test:e2e",
  		"check-engines": "wp-scripts check-engines",
  		"check-licenses": "wp-scripts check-licenses",
  		"format": "wp-scripts format",
  		"lint:css": "wp-scripts lint-style",
  		"lint:js": "wp-scripts lint-js",
  		"lint:md:docs": "wp-scripts lint-md-docs",
  		"lint:pkg-json": "wp-scripts lint-pkg-json",
  		"packages-update": "wp-scripts packages-update",
  		"plugin-zip": "wp-scripts plugin-zip",
  		"test:unit": "wp-scripts test-unit-js"
  	},
  	"devDependencies": {
  		"@babel/core": "^7.24.7",
  		"@babel/plugin-transform-async-to-generator": "^7.18.6",
  		"@babel/plugin-transform-object-rest-spread": "^7.24.7",
  		"@babel/plugin-transform-react-jsx": "^7.19.0",
  		"@babel/plugin-transform-runtime": "^7.12.1",
  		"@babel/preset-env": "^7.24.7",
  		"@babel/preset-react": "^7.24.7",
  		"@wordpress/babel-preset-default": "^8.1.0",
  		"@wordpress/scripts": "^28.0.0",
  		"babel-loader": "^9.1.3",
  		"css-loader": "^7.1.2",
  		"cssnano": "^7.0.2",
  		"file-loader": "^6.2.0",
  		"html-webpack-plugin": "^5.6.0",
  		"mini-css-extract-plugin": "^2.9.0",
  		"postcss": "^8.4.38",
  		"postcss-preset-env": "^9.5.14",
  		"rtlcss-webpack-plugin": "^4.0.7",
  		"sass": "^1.77.5",
  		"source-map-loader": "^5.0.0",
  		"style-loader": "^4.0.0",
  		"terser-webpack-plugin": "^5.3.10",
  		"webpack": "^5.92.0",
  		"webpack-cli": "^5.1.4",
  		"webpack-remove-empty-scripts": "^1.0.4"
  	},
  	"peerDependencies": {
  		"postcss": "^8.4.38"
  	},
  	"browser": {
  		"fs": false,
  		"path": false
  	},
  	"resolutions": {
  		"**/**/postcss": "^8.4.38",
  		"**/**/lodash": "^4.17.12",
  		"**/**/nth-check": "^2.0.1",
  		"**/**/serialize-javascript": "^3.1.0"
  	}
  }

yarn manifest: 
  No manifest

Lockfile: 
  No lockfile
